2018-08-14 11:13:33 +0000  Initial pipeline context: <IDEDistributionProcessingPipelineContext: 0x7fc509173a50; archive(resolved)='<IDEArchive: 0x7fc50a20bb60>', distributionTask(resolved)='2', distributionMethod(resolved)='<IDEDistributionMethodAdHoc: 0x7fc505b32f70>', team(resolved)='<IDEProvisioningBasicTeam: 0x7fc50bb42de0; teamID='HH26QMLFDN', teamName='Tran Dang'>'>
	Chain (11, self inclusive):
	<IDEDistributionProcessingPipelineContext: 0x7fc509173a50; archive = '<IDEArchive: 0x7fc50a20bb60>', distributionMethod='<IDEDistributionMethodAdHoc: 0x7fc505b32f70>', team='<IDEProvisioningBasicTeam: 0x7fc50bb42de0; teamID='HH26QMLFDN', teamName='Tran Dang'>'>
	<IDEDistributionProcessingPipelineContext: 0x7fc4f102e030; archive = '<IDEArchive: 0x7fc50a20bb60>', distributionMethod='<IDEDistributionMethodAdHoc: 0x7fc505b32f70>', team='<IDEProvisioningBasicTeam: 0x7fc50bb42de0; teamID='HH26QMLFDN', teamName='Tran Dang'>'>
	<IDEDistributionContext: 0x7fc50bd36300; archive = '<IDEArchive: 0x7fc50a20bb60>', distributionMethod='<IDEDistributionMethodAdHoc: 0x7fc505b32f70>', team='<IDEProvisioningBasicTeam: 0x7fc50bb42de0; teamID='HH26QMLFDN', teamName='Tran Dang'>'>
	<IDEDistributionContext: 0x7fc509be0b10; archive = '<IDEArchive: 0x7fc50a20bb60>', distributionMethod='<IDEDistributionMethodAdHoc: 0x7fc505b32f70>', team='<IDEProvisioningBasicTeam: 0x7fc50bb42de0; teamID='HH26QMLFDN', teamName='Tran Dang'>'>
	<IDEDistributionContext: 0x7fc509f4e720; archive = '<IDEArchive: 0x7fc50a20bb60>', distributionMethod='<IDEDistributionMethodAdHoc: 0x7fc505b32f70>', team='<IDEProvisioningBasicTeam: 0x7fc50bb42de0; teamID='HH26QMLFDN', teamName='Tran Dang'>'>
	<IDEDistributionContext: 0x7fc505c110f0; archive = '<IDEArchive: 0x7fc50a20bb60>', distributionMethod='<IDEDistributionMethodAdHoc: 0x7fc505b32f70>', team='<IDEProvisioningBasicTeam: 0x7fc50bb42de0; teamID='HH26QMLFDN', teamName='Tran Dang'>'>
	<IDEDistributionContext: 0x7fc509d84480; archive = '<IDEArchive: 0x7fc50a20bb60>', distributionMethod='<IDEDistributionMethodAdHoc: 0x7fc505b32f70>', team='<IDEProvisioningBasicTeam: 0x7fc50bb42de0; teamID='HH26QMLFDN', teamName='Tran Dang'>'>
	<IDEDistributionContext: 0x7fc50bea0a70; archive = '<IDEArchive: 0x7fc50a20bb60>', distributionMethod='<IDEDistributionMethodAdHoc: 0x7fc505b32f70>', team='<IDEProvisioningBasicTeam: 0x7fc50bb42de0; teamID='HH26QMLFDN', teamName='Tran Dang'>'>
	<IDEDistributionContext: 0x7fc50c7c9170; archive = '<IDEArchive: 0x7fc50a20bb60>', distributionMethod='<IDEDistributionMethodAdHoc: 0x7fc505b32f70>', team='<IDEProvisioningBasicTeam: 0x7fc50bb42de0; teamID='HH26QMLFDN', teamName='Tran Dang'>'>
	<IDEDistributionContext: 0x7fc509886d50; archive = '<IDEArchive: 0x7fc50a20bb60>', distributionMethod='<IDEDistributionMethodAdHoc: 0x7fc505b32f70>', team='(null)'>
	<IDEDistributionContext: 0x7fc50c8c0430; archive = '<IDEArchive: 0x7fc50a20bb60>', distributionMethod='(null)', team='(null)'>
</IDEDistributionProcessingPipelineContext: 0x7fc509173a50>
2018-08-14 11:13:33 +0000  Processing step: IDEDistributionCreateDestRootStep
2018-08-14 11:13:33 +0000  Processing step: IDEDistributionCopyItemStep
2018-08-14 11:13:33 +0000  Running /usr/bin/ditto '-V' '/Users/thonguyen/Library/Developer/Xcode/Archives/2018-08-14/Nexty Wallet 8-14-18, 6.13 PM.xcarchive/Products/Applications/Nexty Wallet.app' '/var/folders/9m/mtjnbw5566745l65kbmdzyym0000gq/T/XcodeDistPipeline.N7w/Root/Payload/Nexty Wallet.app'
2018-08-14 11:13:33 +0000  >>> Copying /Users/thonguyen/Library/Developer/Xcode/Archives/2018-08-14/Nexty Wallet 8-14-18, 6.13 PM.xcarchive/Products/Applications/Nexty Wallet.app 
2018-08-14 11:13:33 +0000  copying file ./_CodeSignature/CodeResources ... 
2018-08-14 11:13:33 +0000  50147 bytes for ./_CodeSignature/CodeResources
2018-08-14 11:13:33 +0000  copying file ./scannerOverlay.nib ... 
2018-08-14 11:13:33 +0000  1462 bytes for ./scannerOverlay.nib
2018-08-14 11:13:33 +0000  copying file ./LaunchImage@2x.png ... 
2018-08-14 11:13:33 +0000  265444 bytes for ./LaunchImage@2x.png
2018-08-14 11:13:33 +0000  copying file ./AppIcon20x20@2x.png ... 
4031 bytes for ./AppIcon20x20@2x.png
2018-08-14 11:13:33 +0000  copying file ./MainViewController.nib ... 
2018-08-14 11:13:33 +0000  943 bytes for ./MainViewController.nib
copying file ./AppIcon57x57.png ... 
2018-08-14 11:13:33 +0000  6506 bytes for ./AppIcon57x57.png
2018-08-14 11:13:33 +0000  copying file ./AppIcon20x20@3x.png ... 
2018-08-14 11:13:33 +0000  6876 bytes for ./AppIcon20x20@3x.png
2018-08-14 11:13:33 +0000  copying file ./AppIcon29x29.png ... 
2018-08-14 11:13:33 +0000  2577 bytes for ./AppIcon29x29.png
2018-08-14 11:13:33 +0000  copying file ./LaunchImage-568h@2x.png ... 
2018-08-14 11:13:33 +0000  303036 bytes for ./LaunchImage-568h@2x.png
2018-08-14 11:13:33 +0000  copying file ./AppIcon60x60@2x.png ... 
2018-08-14 11:13:33 +0000  16477 bytes for ./AppIcon60x60@2x.png
copying file ./AppIcon72x72@2x~ipad.png ... 
2018-08-14 11:13:33 +0000  20366 bytes for ./AppIcon72x72@2x~ipad.png
2018-08-14 11:13:33 +0000  copying file ./AppIcon29x29@2x.png ... 
2018-08-14 11:13:33 +0000  6656 bytes for ./AppIcon29x29@2x.png
2018-08-14 11:13:33 +0000  copying file ./LaunchImage-800-667h@2x.png ... 
2018-08-14 11:13:33 +0000  401548 bytes for ./LaunchImage-800-667h@2x.png
2018-08-14 11:13:33 +0000  copying file ./LaunchImage-Portrait@2x~ipad.png ... 
2018-08-14 11:13:33 +0000  1206328 bytes for ./LaunchImage-Portrait@2x~ipad.png
2018-08-14 11:13:33 +0000  copying file ./AppIcon40x40@3x.png ... 
16477 bytes for ./AppIcon40x40@3x.png
copying file ./AppIcon57x57@2x.png ... 
15434 bytes for ./AppIcon57x57@2x.png
copying file ./AppIcon29x29~ipad.png ... 
2577 bytes for ./AppIcon29x29~ipad.png
copying file ./AppIcon40x40@2x.png ... 
10234 bytes for ./AppIcon40x40@2x.png
copying file ./LaunchImage-Portrait~ipad.png ... 
2018-08-14 11:13:33 +0000  330030 bytes for ./LaunchImage-Portrait~ipad.png
copying file ./AppIcon29x29@3x.png ... 
11184 bytes for ./AppIcon29x29@3x.png
2018-08-14 11:13:33 +0000  copying file ./GoogleService-Info.plist ... 
2018-08-14 11:13:33 +0000  886 bytes for ./GoogleService-Info.plist
2018-08-14 11:13:33 +0000  copying file ./AppIcon60x60@3x.png ... 
2018-08-14 11:13:33 +0000  26637 bytes for ./AppIcon60x60@3x.png
2018-08-14 11:13:33 +0000  copying file ./config.xml ... 
2018-08-14 11:13:33 +0000  7862 bytes for ./config.xml
2018-08-14 11:13:33 +0000  copying file ./www/index.html ... 
2018-08-14 11:13:33 +0000  2228 bytes for ./www/index.html
2018-08-14 11:13:33 +0000  copying file ./www/cordova.js ... 
2018-08-14 11:13:33 +0000  78044 bytes for ./www/cordova.js
2018-08-14 11:13:33 +0000  copying file ./www/plugins/cordova-plugin-file/www/requestFileSystem.js ... 
2018-08-14 11:13:33 +0000  3244 bytes for ./www/plugins/cordova-plugin-file/www/requestFileSystem.js
2018-08-14 11:13:33 +0000  copying file ./www/plugins/cordova-plugin-file/www/DirectoryEntry.js ... 
2018-08-14 11:13:33 +0000  4681 bytes for ./www/plugins/cordova-plugin-file/www/DirectoryEntry.js
copying file ./www/plugins/cordova-plugin-file/www/FileSystem.js ... 
2018-08-14 11:13:33 +0000  1960 bytes for ./www/plugins/cordova-plugin-file/www/FileSystem.js
2018-08-14 11:13:33 +0000  copying file ./www/plugins/cordova-plugin-file/www/Flags.js ... 
2018-08-14 11:13:33 +0000  1336 bytes for ./www/plugins/cordova-plugin-file/www/Flags.js
2018-08-14 11:13:33 +0000  copying file ./www/plugins/cordova-plugin-file/www/fileSystemPaths.js ... 
2018-08-14 11:13:33 +0000  2548 bytes for ./www/plugins/cordova-plugin-file/www/fileSystemPaths.js
copying file ./www/plugins/cordova-plugin-file/www/FileEntry.js ... 
2018-08-14 11:13:33 +0000  3423 bytes for ./www/plugins/cordova-plugin-file/www/FileEntry.js
2018-08-14 11:13:33 +0000  copying file ./www/plugins/cordova-plugin-file/www/fileSystems.js ... 
2018-08-14 11:13:33 +0000  1047 bytes for ./www/plugins/cordova-plugin-file/www/fileSystems.js
2018-08-14 11:13:33 +0000  copying file ./www/plugins/cordova-plugin-file/www/DirectoryReader.js ... 
2018-08-14 11:13:33 +0000  2724 bytes for ./www/plugins/cordova-plugin-file/www/DirectoryReader.js
2018-08-14 11:13:33 +0000  copying file ./www/plugins/cordova-plugin-file/www/Metadata.js ... 
2018-08-14 11:13:33 +0000  1488 bytes for ./www/plugins/cordova-plugin-file/www/Metadata.js
2018-08-14 11:13:33 +0000  copying file ./www/plugins/cordova-plugin-file/www/ios/FileSystem.js ... 
2018-08-14 11:13:33 +0000  1222 bytes for ./www/plugins/cordova-plugin-file/www/ios/FileSystem.js
2018-08-14 11:13:33 +0000  copying file ./www/plugins/cordova-plugin-file/www/browser/isChrome.js ... 
2018-08-14 11:13:33 +0000  1232 bytes for ./www/plugins/cordova-plugin-file/www/browser/isChrome.js
2018-08-14 11:13:33 +0000  copying file ./www/plugins/cordova-plugin-file/www/LocalFileSystem.js ... 
2018-08-14 11:13:33 +0000  957 bytes for ./www/plugins/cordova-plugin-file/www/LocalFileSystem.js
2018-08-14 11:13:33 +0000  copying file ./www/plugins/cordova-plugin-file/www/FileReader.js ... 
2018-08-14 11:13:33 +0000  10523 bytes for ./www/plugins/cordova-plugin-file/www/FileReader.js
2018-08-14 11:13:33 +0000  copying file ./www/plugins/cordova-plugin-file/www/fileSystems-roots.js ... 
2018-08-14 11:13:33 +0000  1598 bytes for ./www/plugins/cordova-plugin-file/www/fileSystems-roots.js
2018-08-14 11:13:33 +0000  copying file ./www/plugins/cordova-plugin-file/www/FileUploadOptions.js ... 
2018-08-14 11:13:33 +0000  1831 bytes for ./www/plugins/cordova-plugin-file/www/FileUploadOptions.js
2018-08-14 11:13:33 +0000  copying file ./www/plugins/cordova-plugin-file/www/FileWriter.js ... 
2018-08-14 11:13:33 +0000  10544 bytes for ./www/plugins/cordova-plugin-file/www/FileWriter.js
2018-08-14 11:13:33 +0000  copying file ./www/plugins/cordova-plugin-file/www/FileError.js ... 
2018-08-14 11:13:33 +0000  1483 bytes for ./www/plugins/cordova-plugin-file/www/FileError.js
2018-08-14 11:13:33 +0000  copying file ./www/plugins/cordova-plugin-file/www/FileUploadResult.js ... 
2018-08-14 11:13:33 +0000  1111 bytes for ./www/plugins/cordova-plugin-file/www/FileUploadResult.js
2018-08-14 11:13:33 +0000  copying file ./www/plugins/cordova-plugin-file/www/ProgressEvent.js ... 
2018-08-14 11:13:33 +0000  2544 bytes for ./www/plugins/cordova-plugin-file/www/ProgressEvent.js
2018-08-14 11:13:33 +0000  copying file ./www/plugins/cordova-plugin-file/www/File.js ... 
2018-08-14 11:13:33 +0000  2714 bytes for ./www/plugins/cordova-plugin-file/www/File.js
2018-08-14 11:13:33 +0000  copying file ./www/plugins/cordova-plugin-file/www/resolveLocalFileSystemURI.js ... 
2018-08-14 11:13:33 +0000  4325 bytes for ./www/plugins/cordova-plugin-file/www/resolveLocalFileSystemURI.js
2018-08-14 11:13:33 +0000  copying file ./www/plugins/cordova-plugin-file/www/Entry.js ... 
2018-08-14 11:13:33 +0000  9869 bytes for ./www/plugins/cordova-plugin-file/www/Entry.js
2018-08-14 11:13:33 +0000  copying file ./www/plugins/es6-promise-plugin/www/promise.js ... 
2018-08-14 11:13:33 +0000  9479 bytes for ./www/plugins/es6-promise-plugin/www/promise.js
2018-08-14 11:13:33 +0000  copying file ./www/plugins/cordova-plugin-ionic-webview/src/www/ios/ios-wkwebview-exec.js ... 
2018-08-14 11:13:33 +0000  6167 bytes for ./www/plugins/cordova-plugin-ionic-webview/src/www/ios/ios-wkwebview-exec.js
2018-08-14 11:13:33 +0000  copying file ./www/plugins/cordova-plugin-inappbrowser/www/inappbrowser.js ... 
2018-08-14 11:13:33 +0000  4425 bytes for ./www/plugins/cordova-plugin-inappbrowser/www/inappbrowser.js
2018-08-14 11:13:33 +0000  copying file ./www/plugins/cordova-plugin-device/www/device.js ... 
2018-08-14 11:13:33 +0000  3070 bytes for ./www/plugins/cordova-plugin-device/www/device.js
2018-08-14 11:13:33 +0000  copying file ./www/plugins/cordova-sqlite-storage/www/SQLitePlugin.js ... 
2018-08-14 11:13:33 +0000  32970 bytes for ./www/plugins/cordova-sqlite-storage/www/SQLitePlugin.js
2018-08-14 11:13:33 +0000  copying file ./www/plugins/cordova-clipboard/www/clipboard.js ... 
2018-08-14 11:13:33 +0000  1383 bytes for ./www/plugins/cordova-clipboard/www/clipboard.js
2018-08-14 11:13:33 +0000  copying file ./www/plugins/cordova-plugin-firebase/www/firebase.js ... 
2018-08-14 11:13:33 +0000  5246 bytes for ./www/plugins/cordova-plugin-firebase/www/firebase.js
2018-08-14 11:13:33 +0000  copying file ./www/plugins/phonegap-plugin-barcodescanner/www/barcodescanner.js ... 
2018-08-14 11:13:33 +0000  5020 bytes for ./www/plugins/phonegap-plugin-barcodescanner/www/barcodescanner.js
2018-08-14 11:13:33 +0000  copying file ./www/plugins/cordova-plugin-network-information/www/Connection.js ... 
2018-08-14 11:13:33 +0000  1132 bytes for ./www/plugins/cordova-plugin-network-information/www/Connection.js
2018-08-14 11:13:33 +0000  copying file ./www/plugins/cordova-plugin-network-information/www/network.js ... 
2018-08-14 11:13:33 +0000  3369 bytes for ./www/plugins/cordova-plugin-network-information/www/network.js
2018-08-14 11:13:33 +0000  copying file ./www/plugins/cordova-plugin-filepicker/www/FilePicker.js ... 
2018-08-14 11:13:33 +0000  645 bytes for ./www/plugins/cordova-plugin-filepicker/www/FilePicker.js
2018-08-14 11:13:33 +0000  copying file ./www/plugins/cordova-plugin-statusbar/www/statusbar.js ... 
2018-08-14 11:13:33 +0000  3376 bytes for ./www/plugins/cordova-plugin-statusbar/www/statusbar.js
2018-08-14 11:13:33 +0000  copying file ./www/plugins/cordova-plugin-screen-orientation/www/screenorientation.js ... 
2018-08-14 11:13:33 +0000  5012 bytes for ./www/plugins/cordova-plugin-screen-orientation/www/screenorientation.js
2018-08-14 11:13:33 +0000  copying file ./www/plugins/cordova-plugin-filechooser/www/fileChooser.js ... 
2018-08-14 11:13:33 +0000  239 bytes for ./www/plugins/cordova-plugin-filechooser/www/fileChooser.js
2018-08-14 11:13:33 +0000  copying file ./www/plugins/cordova-plugin-splashscreen/www/splashscreen.js ... 
2018-08-14 11:13:33 +0000  1206 bytes for ./www/plugins/cordova-plugin-splashscreen/www/splashscreen.js
2018-08-14 11:13:33 +0000  copying file ./www/plugins/cordova-plugin-ionic-keyboard/www/ios/keyboard.js ... 
2018-08-14 11:13:33 +0000  2676 bytes for ./www/plugins/cordova-plugin-ionic-keyboard/www/ios/keyboard.js
2018-08-14 11:13:33 +0000  copying file ./www/plugins/cordova-plugin-x-socialsharing/www/SocialSharing.js ... 
2018-08-14 11:13:33 +0000  7395 bytes for ./www/plugins/cordova-plugin-x-socialsharing/www/SocialSharing.js
2018-08-14 11:13:33 +0000  copying file ./www/cordova-js-src/exec.js ... 
2018-08-14 11:13:33 +0000  8877 bytes for ./www/cordova-js-src/exec.js
2018-08-14 11:13:33 +0000  copying file ./www/cordova-js-src/plugin/ios/logger.js ... 
2018-08-14 11:13:33 +0000  10233 bytes for ./www/cordova-js-src/plugin/ios/logger.js
2018-08-14 11:13:33 +0000  copying file ./www/cordova-js-src/plugin/ios/console.js ... 
2018-08-14 11:13:33 +0000  6822 bytes for ./www/cordova-js-src/plugin/ios/console.js
2018-08-14 11:13:33 +0000  copying file ./www/cordova-js-src/platform.js ... 
2018-08-14 11:13:33 +0000  1168 bytes for ./www/cordova-js-src/platform.js
2018-08-14 11:13:33 +0000  copying file ./www/manifest.json ... 
2018-08-14 11:13:33 +0000  293 bytes for ./www/manifest.json
copying file ./www/cordova_plugins.js ... 
2018-08-14 11:13:33 +0000  9478 bytes for ./www/cordova_plugins.js
2018-08-14 11:13:33 +0000  copying file ./www/service-worker.js ... 
2018-08-14 11:13:33 +0000  772 bytes for ./www/service-worker.js
2018-08-14 11:13:33 +0000  copying file ./www/build/main.js.map ... 
2018-08-14 11:13:33 +0000  233489 bytes for ./www/build/main.js.map
2018-08-14 11:13:33 +0000  copying file ./www/build/main.css.map ... 
2018-08-14 11:13:33 +0000  4 bytes for ./www/build/main.css.map
copying file ./www/build/polyfills.js ... 
2018-08-14 11:13:33 +0000  97180 bytes for ./www/build/polyfills.js
2018-08-14 11:13:33 +0000  copying file ./www/build/main.css ... 
2018-08-14 11:13:33 +0000  789229 bytes for ./www/build/main.css
2018-08-14 11:13:33 +0000  copying file ./www/build/vendor.js ... 
2018-08-14 11:13:33 +0000  8171193 bytes for ./www/build/vendor.js
copying file ./www/build/main.js ... 
2018-08-14 11:13:33 +0000  265966 bytes for ./www/build/main.js
copying file ./www/build/sw-toolbox.js ... 
15793 bytes for ./www/build/sw-toolbox.js
copying file ./www/build/vendor.js.map ... 
2018-08-14 11:13:33 +0000  9748577 bytes for ./www/build/vendor.js.map
2018-08-14 11:13:33 +0000  copying file ./www/assets/imgs/bgRedeem.jpg ... 
32638 bytes for ./www/assets/imgs/bgRedeem.jpg
copying file ./www/assets/imgs/loading.gif ... 
35315 bytes for ./www/assets/imgs/loading.gif
copying file ./www/assets/imgs/logo-without-text.png ... 
125211 bytes for ./www/assets/imgs/logo-without-text.png
copying file ./www/assets/imgs/logo-with-text-inline.png ... 
94927 bytes for ./www/assets/imgs/logo-with-text-inline.png
copying file ./www/assets/imgs/logo-with-text.png ... 
159507 bytes for ./www/assets/imgs/logo-with-text.png
copying file ./www/assets/imgs/bg.jpg ... 
13555 bytes for ./www/assets/imgs/bg.jpg
copying file ./www/assets/icon/favicon.ico ... 
1981 bytes for ./www/assets/icon/favicon.ico
copying file ./www/assets/fonts/roboto-medium.ttf ... 
19752 bytes for ./www/assets/fonts/roboto-medium.ttf
copying file ./www/assets/fonts/roboto-light.woff2 ... 
10220 bytes for ./www/assets/fonts/roboto-light.woff2
copying file ./www/assets/fonts/roboto-light.ttf ... 
19908 bytes for ./www/assets/fonts/roboto-light.ttf
copying file ./www/assets/fonts/roboto-regular.woff2 ... 
10196 bytes for ./www/assets/fonts/roboto-regular.woff2
copying file ./www/assets/fonts/roboto-regular.woff ... 
13308 bytes for ./www/assets/fonts/roboto-regular.woff
copying file ./www/assets/fonts/noto-sans-bold.ttf ... 
415132 bytes for ./www/assets/fonts/noto-sans-bold.ttf
copying file ./www/assets/fonts/ionicons.eot ... 
144114 bytes for ./www/assets/fonts/ionicons.eot
copying file ./www/assets/fonts/noto-sans-bold.woff ... 
211888 bytes for ./www/assets/fonts/noto-sans-bold.woff
copying file ./www/assets/fonts/roboto-light.woff ... 
13360 bytes for ./www/assets/fonts/roboto-light.woff
copying file ./www/assets/fonts/Poppins-Light.ttf ... 
146472 bytes for ./www/assets/fonts/Poppins-Light.ttf
copying file ./www/assets/fonts/roboto-medium.woff2 ... 
2018-08-14 11:13:33 +0000  10192 bytes for ./www/assets/fonts/roboto-medium.woff2
copying file ./www/assets/fonts/ionicons.woff ... 
80356 bytes for ./www/assets/fonts/ionicons.woff
copying file ./www/assets/fonts/roboto-regular.ttf ... 
19876 bytes for ./www/assets/fonts/roboto-regular.ttf
copying file ./www/assets/fonts/ionicons.ttf ... 
143936 bytes for ./www/assets/fonts/ionicons.ttf
copying file ./www/assets/fonts/roboto-bold.woff2 ... 
2018-08-14 11:13:33 +0000  10212 bytes for ./www/assets/fonts/roboto-bold.woff2
copying file ./www/assets/fonts/noto-sans.scss ... 
2018-08-14 11:13:33 +0000  1282 bytes for ./www/assets/fonts/noto-sans.scss
copying file ./www/assets/fonts/roboto.scss ... 
2018-08-14 11:13:33 +0000  1458 bytes for ./www/assets/fonts/roboto.scss
copying file ./www/assets/fonts/noto-sans-regular.woff ... 
2018-08-14 11:13:33 +0000  212780 bytes for ./www/assets/fonts/noto-sans-regular.woff
copying file ./www/assets/fonts/roboto-medium.woff ... 
2018-08-14 11:13:33 +0000  13248 bytes for ./www/assets/fonts/roboto-medium.woff
copying file ./www/assets/fonts/roboto-bold.woff ... 
2018-08-14 11:13:33 +0000  13348 bytes for ./www/assets/fonts/roboto-bold.woff
copying file ./www/assets/fonts/noto-sans-regular.ttf ... 
2018-08-14 11:13:33 +0000  414820 bytes for ./www/assets/fonts/noto-sans-regular.ttf
copying file ./www/assets/fonts/Poppins-Regular.ttf ... 
2018-08-14 11:13:33 +0000  145312 bytes for ./www/assets/fonts/Poppins-Regular.ttf
copying file ./www/assets/fonts/ionicons.svg ... 
2018-08-14 11:13:33 +0000  400219 bytes for ./www/assets/fonts/ionicons.svg
copying file ./www/assets/fonts/Poppins-Bold.ttf ... 
2018-08-14 11:13:33 +0000  141260 bytes for ./www/assets/fonts/Poppins-Bold.ttf
copying file ./www/assets/fonts/roboto-bold.ttf ... 
2018-08-14 11:13:33 +0000  20040 bytes for ./www/assets/fonts/roboto-bold.ttf
copying file ./www/assets/fonts/Poppins-Thin.ttf ... 
2018-08-14 11:13:33 +0000  148976 bytes for ./www/assets/fonts/Poppins-Thin.ttf
copying file ./www/assets/fonts/ionicons.woff2 ... 
2018-08-14 11:13:33 +0000  61020 bytes for ./www/assets/fonts/ionicons.woff2
copying file ./www/assets/fonts/ionicons.scss ... 
2018-08-14 11:13:33 +0000  1152 bytes for ./www/assets/fonts/ionicons.scss
2018-08-14 11:13:33 +0000  copying file ./www/assets/jschart/canvasjs.min.js ... 
2018-08-14 11:13:33 +0000  453721 bytes for ./www/assets/jschart/canvasjs.min.js
2018-08-14 11:13:33 +0000  copying file ./www/assets/jschart/jquery.canvasjs.min.js ... 
2018-08-14 11:13:33 +0000  454469 bytes for ./www/assets/jschart/jquery.canvasjs.min.js
copying file ./www/wk-plugin.js ... 
1779 bytes for ./www/wk-plugin.js
copying file ./LaunchImage-Landscape~ipad.png ... 
2018-08-14 11:13:33 +0000  76512 bytes for ./LaunchImage-Landscape~ipad.png
copying file ./LaunchImage-700-Portrait~ipad.png ... 
2018-08-14 11:13:33 +0000  330030 bytes for ./LaunchImage-700-Portrait~ipad.png
copying file ./Assets.car ... 
2018-08-14 11:13:33 +0000  2832968 bytes for ./Assets.car
copying file ./AppIcon40x40@2x~ipad.png ... 
2018-08-14 11:13:33 +0000  10234 bytes for ./AppIcon40x40@2x~ipad.png
copying file ./AppIcon76x76@2x~ipad.png ... 
21951 bytes for ./AppIcon76x76@2x~ipad.png
copying file ./LaunchImage-800-Portrait-736h@3x.png ... 
1064708 bytes for ./LaunchImage-800-Portrait-736h@3x.png
copying file ./AppIcon72x72~ipad.png ... 
9010 bytes for ./AppIcon72x72~ipad.png
copying file ./CDVLaunchScreen.storyboardc/01J-lp-oVM-view-Ze5-6b-2t3.nib ... 
2282 bytes for ./CDVLaunchScreen.storyboardc/01J-lp-oVM-view-Ze5-6b-2t3.nib
copying file ./CDVLaunchScreen.storyboardc/UIViewController-01J-lp-oVM.nib ... 
832 bytes for ./CDVLaunchScreen.storyboardc/UIViewController-01J-lp-oVM.nib
copying file ./CDVLaunchScreen.storyboardc/Info.plist ... 
258 bytes for ./CDVLaunchScreen.storyboardc/Info.plist
copying file ./LaunchImage-700@2x.png ... 
2018-08-14 11:13:33 +0000  265444 bytes for ./LaunchImage-700@2x.png
copying file ./AppIcon83.5x83.5@2x~ipad.png ... 
24513 bytes for ./AppIcon83.5x83.5@2x~ipad.png
copying file ./LaunchImage-700-568h@2x.png ... 
303036 bytes for ./LaunchImage-700-568h@2x.png
copying file ./LaunchImage-Landscape@2x~ipad.png ... 
161722 bytes for ./LaunchImage-Landscape@2x~ipad.png
copying file ./AppIcon50x50~ipad.png ... 
5446 bytes for ./AppIcon50x50~ipad.png
copying file ./AppIcon29x29@2x~ipad.png ... 
2018-08-14 11:13:33 +0000  6656 bytes for ./AppIcon29x29@2x~ipad.png
copying file ./LaunchImage-700-Landscape@2x~ipad.png ... 
161722 bytes for ./LaunchImage-700-Landscape@2x~ipad.png
copying file ./AppIcon50x50@2x~ipad.png ... 
2018-08-14 11:13:33 +0000  13259 bytes for ./AppIcon50x50@2x~ipad.png
copying file ./AppIcon40x40~ipad.png ... 
2018-08-14 11:13:33 +0000  4031 bytes for ./AppIcon40x40~ipad.png
2018-08-14 11:13:33 +0000  copying file ./LaunchImage.png ... 
2018-08-14 11:13:33 +0000  90612 bytes for ./LaunchImage.png
copying file ./embedded.mobileprovision ... 
2018-08-14 11:13:33 +0000  12027 bytes for ./embedded.mobileprovision
copying file ./LaunchImage-800-Landscape-736h@3x.png ... 
2018-08-14 11:13:33 +0000  63597 bytes for ./LaunchImage-800-Landscape-736h@3x.png
2018-08-14 11:13:33 +0000  copying file ./LaunchImage-700-Portrait@2x~ipad.png ... 
2018-08-14 11:13:33 +0000  1206328 bytes for ./LaunchImage-700-Portrait@2x~ipad.png
copying file ./LaunchImage-700-Landscape~ipad.png ... 
2018-08-14 11:13:33 +0000  76512 bytes for ./LaunchImage-700-Landscape~ipad.png
copying file ./CDVBarcodeScanner.bundle/beep.caf ... 
16020 bytes for ./CDVBarcodeScanner.bundle/beep.caf
copying file ./CDVBarcodeScanner.bundle/torch.png ... 
3173 bytes for ./CDVBarcodeScanner.bundle/torch.png
copying file ./CDVBarcodeScanner.bundle/torch@2x.png ... 
3687 bytes for ./CDVBarcodeScanner.bundle/torch@2x.png
copying file ./CDVBarcodeScanner.bundle/torch@3x.png ... 
4302 bytes for ./CDVBarcodeScanner.bundle/torch@3x.png
2018-08-14 11:13:33 +0000  copying file ./AppIcon20x20@2x~ipad.png ... 
2018-08-14 11:13:33 +0000  4031 bytes for ./AppIcon20x20@2x~ipad.png
2018-08-14 11:13:33 +0000  copying file ./Info.plist ... 
2018-08-14 11:13:33 +0000  2208 bytes for ./Info.plist
copying file ./PkgInfo ... 
2018-08-14 11:13:33 +0000  8 bytes for ./PkgInfo
copying file ./Nexty Wallet ... 
2018-08-14 11:13:33 +0000  8596960 bytes for ./Nexty Wallet
copying file ./AppIcon76x76~ipad.png ... 
2018-08-14 11:13:33 +0000  2018-08-14 11:13:33 +0000  /usr/bin/ditto exited with 0

2018-08-14 11:13:33 +0000  9595 bytes for ./AppIcon76x76~ipad.png
2018-08-14 11:13:33 +0000  Processing step: IDEDistributionEmbedProfileStep
2018-08-14 11:13:33 +0000  Processing step: IDEDistributionAppThinningPlistStep
2018-08-14 11:13:33 +0000  Skipping step: IDEDistributionAppThinningPlistStep because it said so
2018-08-14 11:13:33 +0000  Processing step: IDEDistributionCompileBitcodeStep
2018-08-14 11:13:33 +0000  Skipping step: IDEDistributionCompileBitcodeStep because it said so
2018-08-14 11:13:33 +0000  Processing step: IDEDistributionCodeSlimmingStep
2018-08-14 11:13:33 +0000  Processing step: IDEDistributionCopyBCSymbolMapsStep
2018-08-14 11:13:33 +0000  Skipping step: IDEDistributionCopyBCSymbolMapsStep because it said so
2018-08-14 11:13:33 +0000  Processing step: IDEDistributionSymbolsStep
2018-08-14 11:13:33 +0000  Skipping step: IDEDistributionSymbolsStep because it said so
2018-08-14 11:13:33 +0000  Processing step: IDEDistributionAppThinningStep
2018-08-14 11:13:33 +0000  Skipping step: IDEDistributionAppThinningStep because it said so
2018-08-14 11:13:33 +0000  Processing step: IDEDistributionODRStep
2018-08-14 11:13:33 +0000  Processing step: IDEDistributionStripXattrsStep
2018-08-14 11:13:33 +0000  Running /usr/bin/xattr '-crs' '/var/folders/9m/mtjnbw5566745l65kbmdzyym0000gq/T/XcodeDistPipeline.N7w/Root/Payload/Nexty Wallet.app'
2018-08-14 11:13:33 +0000  2018-08-14 11:13:33 +0000  2018-08-14 11:13:33 +0000  /usr/bin/xattr exited with 0


2018-08-14 11:13:33 +0000  2018-08-14 11:13:33 +0000  Processing step: IDEDistributionCodesignStep

2018-08-14 11:13:33 +0000  Entitlements for <IDEDistributionItem: 0x7fc50bbd2ae0 'io.nexty.wallettt' '<DVTFilePath:0x7fc50bcc25b0:'/Users/thonguyen/Library/Developer/Xcode/Archives/2018-08-14/Nexty Wallet 8-14-18, 6.13 PM.xcarchive/Products/Applications/Nexty Wallet.app'>'>: {
    "application-identifier" = "HH26QMLFDN.io.nexty.wallettt";
    "aps-environment" = production;
    "com.apple.developer.team-identifier" = HH26QMLFDN;
    "get-task-allow" = 0;
}
2018-08-14 11:13:33 +0000  Writing entitlements for <IDEDistributionItem: 0x7fc50bbd2ae0 'io.nexty.wallettt' '<DVTFilePath:0x7fc50bcc25b0:'/Users/thonguyen/Library/Developer/Xcode/Archives/2018-08-14/Nexty Wallet 8-14-18, 6.13 PM.xcarchive/Products/Applications/Nexty Wallet.app'>'> to: /var/folders/9m/mtjnbw5566745l65kbmdzyym0000gq/T/XcodeDistPipeline.N7w/entitlementsxG7ZQI
2018-08-14 11:13:33 +0000  Running /usr/bin/codesign '-vvv' '--force' '--sign' '794D1B3D8741DDF1125ABE0FE9C77DEABE4EAE2F' '--preserve-metadata=identifier,flags' '--entitlements' '/var/folders/9m/mtjnbw5566745l65kbmdzyym0000gq/T/XcodeDistPipeline.N7w/entitlementsxG7ZQI' '/var/folders/9m/mtjnbw5566745l65kbmdzyym0000gq/T/XcodeDistPipeline.N7w/Root/Payload/Nexty Wallet.app'
2018-08-14 11:13:33 +0000  /var/folders/9m/mtjnbw5566745l65kbmdzyym0000gq/T/XcodeDistPipeline.N7w/Root/Payload/Nexty Wallet.app: replacing existing signature
2018-08-14 11:13:34 +0000  /var/folders/9m/mtjnbw5566745l65kbmdzyym0000gq/T/XcodeDistPipeline.N7w/Root/Payload/Nexty Wallet.app: signed app bundle with Mach-O universal (armv7 arm64) [io.nexty.wallettt]
2018-08-14 11:13:34 +0000  2018-08-14 11:13:34 +0000  

2018-08-14 11:13:34 +0000  /usr/bin/codesign exited with 02018-08-14 11:13:34 +0000  

2018-08-14 11:13:34 +0000  
2018-08-14 11:13:34 +0000  
2018-08-14 11:13:34 +0000  Processing step: IDEDistributionStreamingZipItemStep
2018-08-14 11:13:34 +0000  Skipping step: IDEDistributionStreamingZipItemStep because it said so
2018-08-14 11:13:34 +0000  Processing step: IDEDistributionCreateIPAStep
2018-08-14 11:13:34 +0000  Running /usr/bin/ditto '-V' '-c' '-k' '--norsrc' '/var/folders/9m/mtjnbw5566745l65kbmdzyym0000gq/T/XcodeDistPipeline.N7w/Root' '/var/folders/9m/mtjnbw5566745l65kbmdzyym0000gq/T/XcodeDistPipeline.N7w/Packages/Nexty Wallet.ipa'
2018-08-14 11:13:34 +0000  >>> Copying /var/folders/9m/mtjnbw5566745l65kbmdzyym0000gq/T/XcodeDistPipeline.N7w/Root 
2018-08-14 11:13:34 +0000  copying file ./Payload/Nexty Wallet.app/_CodeSignature/CodeResources ... 
2018-08-14 11:13:34 +0000  50147 bytes for ./Payload/Nexty Wallet.app/_CodeSignature/CodeResources
2018-08-14 11:13:34 +0000  copying file ./Payload/Nexty Wallet.app/scannerOverlay.nib ... 
1462 bytes for ./Payload/Nexty Wallet.app/scannerOverlay.nib
copying file ./Payload/Nexty Wallet.app/LaunchImage@2x.png ... 
2018-08-14 11:13:34 +0000  265444 bytes for ./Payload/Nexty Wallet.app/LaunchImage@2x.png
copying file ./Payload/Nexty Wallet.app/AppIcon20x20@2x.png ... 
2018-08-14 11:13:34 +0000  4031 bytes for ./Payload/Nexty Wallet.app/AppIcon20x20@2x.png
copying file ./Payload/Nexty Wallet.app/MainViewController.nib ... 
2018-08-14 11:13:34 +0000  943 bytes for ./Payload/Nexty Wallet.app/MainViewController.nib
copying file ./Payload/Nexty Wallet.app/AppIcon57x57.png ... 
2018-08-14 11:13:34 +0000  6506 bytes for ./Payload/Nexty Wallet.app/AppIcon57x57.png
copying file ./Payload/Nexty Wallet.app/AppIcon20x20@3x.png ... 
2018-08-14 11:13:34 +0000  6876 bytes for ./Payload/Nexty Wallet.app/AppIcon20x20@3x.png
copying file ./Payload/Nexty Wallet.app/AppIcon29x29.png ... 
2018-08-14 11:13:34 +0000  2577 bytes for ./Payload/Nexty Wallet.app/AppIcon29x29.png
copying file ./Payload/Nexty Wallet.app/LaunchImage-568h@2x.png ... 
2018-08-14 11:13:34 +0000  303036 bytes for ./Payload/Nexty Wallet.app/LaunchImage-568h@2x.png
copying file ./Payload/Nexty Wallet.app/AppIcon60x60@2x.png ... 
2018-08-14 11:13:34 +0000  16477 bytes for ./Payload/Nexty Wallet.app/AppIcon60x60@2x.png
copying file ./Payload/Nexty Wallet.app/AppIcon72x72@2x~ipad.png ... 
2018-08-14 11:13:34 +0000  20366 bytes for ./Payload/Nexty Wallet.app/AppIcon72x72@2x~ipad.png
copying file ./Payload/Nexty Wallet.app/AppIcon29x29@2x.png ... 
2018-08-14 11:13:34 +0000  6656 bytes for ./Payload/Nexty Wallet.app/AppIcon29x29@2x.png
copying file ./Payload/Nexty Wallet.app/LaunchImage-800-667h@2x.png ... 
2018-08-14 11:13:34 +0000  401548 bytes for ./Payload/Nexty Wallet.app/LaunchImage-800-667h@2x.png
copying file ./Payload/Nexty Wallet.app/LaunchImage-Portrait@2x~ipad.png ... 
2018-08-14 11:13:34 +0000  1206328 bytes for ./Payload/Nexty Wallet.app/LaunchImage-Portrait@2x~ipad.png
copying file ./Payload/Nexty Wallet.app/AppIcon40x40@3x.png ... 
2018-08-14 11:13:34 +0000  16477 bytes for ./Payload/Nexty Wallet.app/AppIcon40x40@3x.png
copying file ./Payload/Nexty Wallet.app/AppIcon57x57@2x.png ... 
2018-08-14 11:13:34 +0000  15434 bytes for ./Payload/Nexty Wallet.app/AppIcon57x57@2x.png
copying file ./Payload/Nexty Wallet.app/AppIcon29x29~ipad.png ... 
2018-08-14 11:13:34 +0000  2577 bytes for ./Payload/Nexty Wallet.app/AppIcon29x29~ipad.png
copying file ./Payload/Nexty Wallet.app/AppIcon40x40@2x.png ... 
2018-08-14 11:13:34 +0000  10234 bytes for ./Payload/Nexty Wallet.app/AppIcon40x40@2x.png
copying file ./Payload/Nexty Wallet.app/LaunchImage-Portrait~ipad.png ... 
2018-08-14 11:13:34 +0000  330030 bytes for ./Payload/Nexty Wallet.app/LaunchImage-Portrait~ipad.png
copying file ./Payload/Nexty Wallet.app/AppIcon29x29@3x.png ... 
2018-08-14 11:13:34 +0000  11184 bytes for ./Payload/Nexty Wallet.app/AppIcon29x29@3x.png
copying file ./Payload/Nexty Wallet.app/GoogleService-Info.plist ... 
2018-08-14 11:13:34 +0000  886 bytes for ./Payload/Nexty Wallet.app/GoogleService-Info.plist
copying file ./Payload/Nexty Wallet.app/AppIcon60x60@3x.png ... 
2018-08-14 11:13:34 +0000  26637 bytes for ./Payload/Nexty Wallet.app/AppIcon60x60@3x.png
copying file ./Payload/Nexty Wallet.app/config.xml ... 
2018-08-14 11:13:34 +0000  7862 bytes for ./Payload/Nexty Wallet.app/config.xml
2018-08-14 11:13:34 +0000  copying file ./Payload/Nexty Wallet.app/www/index.html ... 
2018-08-14 11:13:34 +0000  2228 bytes for ./Payload/Nexty Wallet.app/www/index.html
copying file ./Payload/Nexty Wallet.app/www/cordova.js ... 
2018-08-14 11:13:34 +0000  78044 bytes for ./Payload/Nexty Wallet.app/www/cordova.js
2018-08-14 11:13:34 +0000  copying file ./Payload/Nexty Wallet.app/www/plugins/cordova-plugin-file/www/requestFileSystem.js ... 
2018-08-14 11:13:34 +0000  3244 bytes for ./Payload/Nexty Wallet.app/www/plugins/cordova-plugin-file/www/requestFileSystem.js
copying file ./Payload/Nexty Wallet.app/www/plugins/cordova-plugin-file/www/DirectoryEntry.js ... 
2018-08-14 11:13:34 +0000  4681 bytes for ./Payload/Nexty Wallet.app/www/plugins/cordova-plugin-file/www/DirectoryEntry.js
2018-08-14 11:13:34 +0000  copying file ./Payload/Nexty Wallet.app/www/plugins/cordova-plugin-file/www/FileSystem.js ... 
2018-08-14 11:13:34 +0000  1960 bytes for ./Payload/Nexty Wallet.app/www/plugins/cordova-plugin-file/www/FileSystem.js
copying file ./Payload/Nexty Wallet.app/www/plugins/cordova-plugin-file/www/Flags.js ... 
2018-08-14 11:13:34 +0000  1336 bytes for ./Payload/Nexty Wallet.app/www/plugins/cordova-plugin-file/www/Flags.js
copying file ./Payload/Nexty Wallet.app/www/plugins/cordova-plugin-file/www/fileSystemPaths.js ... 
2018-08-14 11:13:34 +0000  2548 bytes for ./Payload/Nexty Wallet.app/www/plugins/cordova-plugin-file/www/fileSystemPaths.js
copying file ./Payload/Nexty Wallet.app/www/plugins/cordova-plugin-file/www/FileEntry.js ... 
2018-08-14 11:13:34 +0000  3423 bytes for ./Payload/Nexty Wallet.app/www/plugins/cordova-plugin-file/www/FileEntry.js
copying file ./Payload/Nexty Wallet.app/www/plugins/cordova-plugin-file/www/fileSystems.js ... 
2018-08-14 11:13:34 +0000  1047 bytes for ./Payload/Nexty Wallet.app/www/plugins/cordova-plugin-file/www/fileSystems.js
copying file ./Payload/Nexty Wallet.app/www/plugins/cordova-plugin-file/www/DirectoryReader.js ... 
2018-08-14 11:13:34 +0000  2724 bytes for ./Payload/Nexty Wallet.app/www/plugins/cordova-plugin-file/www/DirectoryReader.js
copying file ./Payload/Nexty Wallet.app/www/plugins/cordova-plugin-file/www/Metadata.js ... 
2018-08-14 11:13:34 +0000  1488 bytes for ./Payload/Nexty Wallet.app/www/plugins/cordova-plugin-file/www/Metadata.js
2018-08-14 11:13:34 +0000  copying file ./Payload/Nexty Wallet.app/www/plugins/cordova-plugin-file/www/ios/FileSystem.js ... 
2018-08-14 11:13:34 +0000  1222 bytes for ./Payload/Nexty Wallet.app/www/plugins/cordova-plugin-file/www/ios/FileSystem.js
copying file ./Payload/Nexty Wallet.app/www/plugins/cordova-plugin-file/www/browser/isChrome.js ... 
2018-08-14 11:13:34 +0000  1232 bytes for ./Payload/Nexty Wallet.app/www/plugins/cordova-plugin-file/www/browser/isChrome.js
copying file ./Payload/Nexty Wallet.app/www/plugins/cordova-plugin-file/www/LocalFileSystem.js ... 
2018-08-14 11:13:34 +0000  957 bytes for ./Payload/Nexty Wallet.app/www/plugins/cordova-plugin-file/www/LocalFileSystem.js
copying file ./Payload/Nexty Wallet.app/www/plugins/cordova-plugin-file/www/FileReader.js ... 
2018-08-14 11:13:34 +0000  10523 bytes for ./Payload/Nexty Wallet.app/www/plugins/cordova-plugin-file/www/FileReader.js
copying file ./Payload/Nexty Wallet.app/www/plugins/cordova-plugin-file/www/fileSystems-roots.js ... 
2018-08-14 11:13:34 +0000  1598 bytes for ./Payload/Nexty Wallet.app/www/plugins/cordova-plugin-file/www/fileSystems-roots.js
copying file ./Payload/Nexty Wallet.app/www/plugins/cordova-plugin-file/www/FileUploadOptions.js ... 
2018-08-14 11:13:34 +0000  1831 bytes for ./Payload/Nexty Wallet.app/www/plugins/cordova-plugin-file/www/FileUploadOptions.js
copying file ./Payload/Nexty Wallet.app/www/plugins/cordova-plugin-file/www/FileWriter.js ... 
2018-08-14 11:13:34 +0000  10544 bytes for ./Payload/Nexty Wallet.app/www/plugins/cordova-plugin-file/www/FileWriter.js
copying file ./Payload/Nexty Wallet.app/www/plugins/cordova-plugin-file/www/FileError.js ... 
2018-08-14 11:13:34 +0000  1483 bytes for ./Payload/Nexty Wallet.app/www/plugins/cordova-plugin-file/www/FileError.js
copying file ./Payload/Nexty Wallet.app/www/plugins/cordova-plugin-file/www/FileUploadResult.js ... 
2018-08-14 11:13:34 +0000  1111 bytes for ./Payload/Nexty Wallet.app/www/plugins/cordova-plugin-file/www/FileUploadResult.js
copying file ./Payload/Nexty Wallet.app/www/plugins/cordova-plugin-file/www/ProgressEvent.js ... 
2018-08-14 11:13:34 +0000  2544 bytes for ./Payload/Nexty Wallet.app/www/plugins/cordova-plugin-file/www/ProgressEvent.js
copying file ./Payload/Nexty Wallet.app/www/plugins/cordova-plugin-file/www/File.js ... 
2018-08-14 11:13:34 +0000  2714 bytes for ./Payload/Nexty Wallet.app/www/plugins/cordova-plugin-file/www/File.js
copying file ./Payload/Nexty Wallet.app/www/plugins/cordova-plugin-file/www/resolveLocalFileSystemURI.js ... 
2018-08-14 11:13:34 +0000  4325 bytes for ./Payload/Nexty Wallet.app/www/plugins/cordova-plugin-file/www/resolveLocalFileSystemURI.js
copying file ./Payload/Nexty Wallet.app/www/plugins/cordova-plugin-file/www/Entry.js ... 
2018-08-14 11:13:34 +0000  9869 bytes for ./Payload/Nexty Wallet.app/www/plugins/cordova-plugin-file/www/Entry.js
2018-08-14 11:13:34 +0000  copying file ./Payload/Nexty Wallet.app/www/plugins/es6-promise-plugin/www/promise.js ... 
2018-08-14 11:13:34 +0000  9479 bytes for ./Payload/Nexty Wallet.app/www/plugins/es6-promise-plugin/www/promise.js
2018-08-14 11:13:34 +0000  copying file ./Payload/Nexty Wallet.app/www/plugins/cordova-plugin-ionic-webview/src/www/ios/ios-wkwebview-exec.js ... 
2018-08-14 11:13:34 +0000  6167 bytes for ./Payload/Nexty Wallet.app/www/plugins/cordova-plugin-ionic-webview/src/www/ios/ios-wkwebview-exec.js
2018-08-14 11:13:34 +0000  copying file ./Payload/Nexty Wallet.app/www/plugins/cordova-plugin-inappbrowser/www/inappbrowser.js ... 
2018-08-14 11:13:34 +0000  4425 bytes for ./Payload/Nexty Wallet.app/www/plugins/cordova-plugin-inappbrowser/www/inappbrowser.js
2018-08-14 11:13:34 +0000  copying file ./Payload/Nexty Wallet.app/www/plugins/cordova-plugin-device/www/device.js ... 
2018-08-14 11:13:34 +0000  3070 bytes for ./Payload/Nexty Wallet.app/www/plugins/cordova-plugin-device/www/device.js
2018-08-14 11:13:34 +0000  copying file ./Payload/Nexty Wallet.app/www/plugins/cordova-sqlite-storage/www/SQLitePlugin.js ... 
2018-08-14 11:13:34 +0000  32970 bytes for ./Payload/Nexty Wallet.app/www/plugins/cordova-sqlite-storage/www/SQLitePlugin.js
2018-08-14 11:13:34 +0000  copying file ./Payload/Nexty Wallet.app/www/plugins/cordova-clipboard/www/clipboard.js ... 
2018-08-14 11:13:34 +0000  1383 bytes for ./Payload/Nexty Wallet.app/www/plugins/cordova-clipboard/www/clipboard.js
2018-08-14 11:13:34 +0000  copying file ./Payload/Nexty Wallet.app/www/plugins/cordova-plugin-firebase/www/firebase.js ... 
2018-08-14 11:13:34 +0000  5246 bytes for ./Payload/Nexty Wallet.app/www/plugins/cordova-plugin-firebase/www/firebase.js
copying file ./Payload/Nexty Wallet.app/www/plugins/phonegap-plugin-barcodescanner/www/barcodescanner.js ... 
2018-08-14 11:13:34 +0000  5020 bytes for ./Payload/Nexty Wallet.app/www/plugins/phonegap-plugin-barcodescanner/www/barcodescanner.js
2018-08-14 11:13:34 +0000  copying file ./Payload/Nexty Wallet.app/www/plugins/cordova-plugin-network-information/www/Connection.js ... 
2018-08-14 11:13:34 +0000  1132 bytes for ./Payload/Nexty Wallet.app/www/plugins/cordova-plugin-network-information/www/Connection.js
copying file ./Payload/Nexty Wallet.app/www/plugins/cordova-plugin-network-information/www/network.js ... 
2018-08-14 11:13:34 +0000  3369 bytes for ./Payload/Nexty Wallet.app/www/plugins/cordova-plugin-network-information/www/network.js
2018-08-14 11:13:34 +0000  copying file ./Payload/Nexty Wallet.app/www/plugins/cordova-plugin-filepicker/www/FilePicker.js ... 
2018-08-14 11:13:34 +0000  645 bytes for ./Payload/Nexty Wallet.app/www/plugins/cordova-plugin-filepicker/www/FilePicker.js
copying file ./Payload/Nexty Wallet.app/www/plugins/cordova-plugin-statusbar/www/statusbar.js ... 
2018-08-14 11:13:34 +0000  3376 bytes for ./Payload/Nexty Wallet.app/www/plugins/cordova-plugin-statusbar/www/statusbar.js
2018-08-14 11:13:34 +0000  copying file ./Payload/Nexty Wallet.app/www/plugins/cordova-plugin-screen-orientation/www/screenorientation.js ... 
2018-08-14 11:13:34 +0000  5012 bytes for ./Payload/Nexty Wallet.app/www/plugins/cordova-plugin-screen-orientation/www/screenorientation.js
2018-08-14 11:13:34 +0000  copying file ./Payload/Nexty Wallet.app/www/plugins/cordova-plugin-filechooser/www/fileChooser.js ... 
2018-08-14 11:13:34 +0000  239 bytes for ./Payload/Nexty Wallet.app/www/plugins/cordova-plugin-filechooser/www/fileChooser.js
copying file ./Payload/Nexty Wallet.app/www/plugins/cordova-plugin-splashscreen/www/splashscreen.js ... 
2018-08-14 11:13:34 +0000  1206 bytes for ./Payload/Nexty Wallet.app/www/plugins/cordova-plugin-splashscreen/www/splashscreen.js
2018-08-14 11:13:34 +0000  copying file ./Payload/Nexty Wallet.app/www/plugins/cordova-plugin-ionic-keyboard/www/ios/keyboard.js ... 
2018-08-14 11:13:34 +0000  2676 bytes for ./Payload/Nexty Wallet.app/www/plugins/cordova-plugin-ionic-keyboard/www/ios/keyboard.js
2018-08-14 11:13:34 +0000  copying file ./Payload/Nexty Wallet.app/www/plugins/cordova-plugin-x-socialsharing/www/SocialSharing.js ... 
2018-08-14 11:13:34 +0000  7395 bytes for ./Payload/Nexty Wallet.app/www/plugins/cordova-plugin-x-socialsharing/www/SocialSharing.js
2018-08-14 11:13:34 +0000  copying file ./Payload/Nexty Wallet.app/www/cordova-js-src/exec.js ... 
2018-08-14 11:13:34 +0000  8877 bytes for ./Payload/Nexty Wallet.app/www/cordova-js-src/exec.js
2018-08-14 11:13:34 +0000  copying file ./Payload/Nexty Wallet.app/www/cordova-js-src/plugin/ios/logger.js ... 
2018-08-14 11:13:34 +0000  10233 bytes for ./Payload/Nexty Wallet.app/www/cordova-js-src/plugin/ios/logger.js
2018-08-14 11:13:34 +0000  copying file ./Payload/Nexty Wallet.app/www/cordova-js-src/plugin/ios/console.js ... 
2018-08-14 11:13:34 +0000  6822 bytes for ./Payload/Nexty Wallet.app/www/cordova-js-src/plugin/ios/console.js
copying file ./Payload/Nexty Wallet.app/www/cordova-js-src/platform.js ... 
2018-08-14 11:13:34 +0000  1168 bytes for ./Payload/Nexty Wallet.app/www/cordova-js-src/platform.js
copying file ./Payload/Nexty Wallet.app/www/manifest.json ... 
2018-08-14 11:13:34 +0000  293 bytes for ./Payload/Nexty Wallet.app/www/manifest.json
copying file ./Payload/Nexty Wallet.app/www/cordova_plugins.js ... 
2018-08-14 11:13:34 +0000  9478 bytes for ./Payload/Nexty Wallet.app/www/cordova_plugins.js
2018-08-14 11:13:34 +0000  copying file ./Payload/Nexty Wallet.app/www/service-worker.js ... 
772 bytes for ./Payload/Nexty Wallet.app/www/service-worker.js
2018-08-14 11:13:34 +0000  copying file ./Payload/Nexty Wallet.app/www/build/main.js.map ... 
2018-08-14 11:13:34 +0000  233489 bytes for ./Payload/Nexty Wallet.app/www/build/main.js.map
copying file ./Payload/Nexty Wallet.app/www/build/main.css.map ... 
2018-08-14 11:13:34 +0000  4 bytes for ./Payload/Nexty Wallet.app/www/build/main.css.map
copying file ./Payload/Nexty Wallet.app/www/build/polyfills.js ... 
2018-08-14 11:13:34 +0000  97180 bytes for ./Payload/Nexty Wallet.app/www/build/polyfills.js
copying file ./Payload/Nexty Wallet.app/www/build/main.css ... 
2018-08-14 11:13:34 +0000  789229 bytes for ./Payload/Nexty Wallet.app/www/build/main.css
copying file ./Payload/Nexty Wallet.app/www/build/vendor.js ... 
2018-08-14 11:13:34 +0000  8171193 bytes for ./Payload/Nexty Wallet.app/www/build/vendor.js
copying file ./Payload/Nexty Wallet.app/www/build/main.js ... 
2018-08-14 11:13:34 +0000  265966 bytes for ./Payload/Nexty Wallet.app/www/build/main.js
2018-08-14 11:13:34 +0000  copying file ./Payload/Nexty Wallet.app/www/build/sw-toolbox.js ... 
2018-08-14 11:13:34 +0000  15793 bytes for ./Payload/Nexty Wallet.app/www/build/sw-toolbox.js
2018-08-14 11:13:34 +0000  copying file ./Payload/Nexty Wallet.app/www/build/vendor.js.map ... 
2018-08-14 11:13:34 +0000  9748577 bytes for ./Payload/Nexty Wallet.app/www/build/vendor.js.map
2018-08-14 11:13:34 +0000  copying file ./Payload/Nexty Wallet.app/www/assets/imgs/bgRedeem.jpg ... 
2018-08-14 11:13:34 +0000  32638 bytes for ./Payload/Nexty Wallet.app/www/assets/imgs/bgRedeem.jpg
copying file ./Payload/Nexty Wallet.app/www/assets/imgs/loading.gif ... 
2018-08-14 11:13:34 +0000  35315 bytes for ./Payload/Nexty Wallet.app/www/assets/imgs/loading.gif
copying file ./Payload/Nexty Wallet.app/www/assets/imgs/logo-without-text.png ... 
2018-08-14 11:13:34 +0000  125211 bytes for ./Payload/Nexty Wallet.app/www/assets/imgs/logo-without-text.png
copying file ./Payload/Nexty Wallet.app/www/assets/imgs/logo-with-text-inline.png ... 
2018-08-14 11:13:34 +0000  94927 bytes for ./Payload/Nexty Wallet.app/www/assets/imgs/logo-with-text-inline.png
copying file ./Payload/Nexty Wallet.app/www/assets/imgs/logo-with-text.png ... 
2018-08-14 11:13:34 +0000  159507 bytes for ./Payload/Nexty Wallet.app/www/assets/imgs/logo-with-text.png
copying file ./Payload/Nexty Wallet.app/www/assets/imgs/bg.jpg ... 
2018-08-14 11:13:34 +0000  13555 bytes for ./Payload/Nexty Wallet.app/www/assets/imgs/bg.jpg
2018-08-14 11:13:34 +0000  copying file ./Payload/Nexty Wallet.app/www/assets/icon/favicon.ico ... 
2018-08-14 11:13:34 +0000  1981 bytes for ./Payload/Nexty Wallet.app/www/assets/icon/favicon.ico
copying file ./Payload/Nexty Wallet.app/www/assets/fonts/roboto-medium.ttf ... 
2018-08-14 11:13:34 +0000  19752 bytes for ./Payload/Nexty Wallet.app/www/assets/fonts/roboto-medium.ttf
copying file ./Payload/Nexty Wallet.app/www/assets/fonts/roboto-light.woff2 ... 
2018-08-14 11:13:34 +0000  10220 bytes for ./Payload/Nexty Wallet.app/www/assets/fonts/roboto-light.woff2
copying file ./Payload/Nexty Wallet.app/www/assets/fonts/roboto-light.ttf ... 
2018-08-14 11:13:34 +0000  19908 bytes for ./Payload/Nexty Wallet.app/www/assets/fonts/roboto-light.ttf
copying file ./Payload/Nexty Wallet.app/www/assets/fonts/roboto-regular.woff2 ... 
2018-08-14 11:13:34 +0000  10196 bytes for ./Payload/Nexty Wallet.app/www/assets/fonts/roboto-regular.woff2
copying file ./Payload/Nexty Wallet.app/www/assets/fonts/roboto-regular.woff ... 
2018-08-14 11:13:34 +0000  13308 bytes for ./Payload/Nexty Wallet.app/www/assets/fonts/roboto-regular.woff
copying file ./Payload/Nexty Wallet.app/www/assets/fonts/noto-sans-bold.ttf ... 
2018-08-14 11:13:34 +0000  415132 bytes for ./Payload/Nexty Wallet.app/www/assets/fonts/noto-sans-bold.ttf
copying file ./Payload/Nexty Wallet.app/www/assets/fonts/ionicons.eot ... 
2018-08-14 11:13:34 +0000  144114 bytes for ./Payload/Nexty Wallet.app/www/assets/fonts/ionicons.eot
copying file ./Payload/Nexty Wallet.app/www/assets/fonts/noto-sans-bold.woff ... 
2018-08-14 11:13:34 +0000  211888 bytes for ./Payload/Nexty Wallet.app/www/assets/fonts/noto-sans-bold.woff
copying file ./Payload/Nexty Wallet.app/www/assets/fonts/roboto-light.woff ... 
2018-08-14 11:13:34 +0000  13360 bytes for ./Payload/Nexty Wallet.app/www/assets/fonts/roboto-light.woff
copying file ./Payload/Nexty Wallet.app/www/assets/fonts/Poppins-Light.ttf ... 
2018-08-14 11:13:34 +0000  146472 bytes for ./Payload/Nexty Wallet.app/www/assets/fonts/Poppins-Light.ttf
copying file ./Payload/Nexty Wallet.app/www/assets/fonts/roboto-medium.woff2 ... 
2018-08-14 11:13:34 +0000  10192 bytes for ./Payload/Nexty Wallet.app/www/assets/fonts/roboto-medium.woff2
copying file ./Payload/Nexty Wallet.app/www/assets/fonts/ionicons.woff ... 
2018-08-14 11:13:34 +0000  80356 bytes for ./Payload/Nexty Wallet.app/www/assets/fonts/ionicons.woff
copying file ./Payload/Nexty Wallet.app/www/assets/fonts/roboto-regular.ttf ... 
2018-08-14 11:13:34 +0000  19876 bytes for ./Payload/Nexty Wallet.app/www/assets/fonts/roboto-regular.ttf
copying file ./Payload/Nexty Wallet.app/www/assets/fonts/ionicons.ttf ... 
2018-08-14 11:13:34 +0000  143936 bytes for ./Payload/Nexty Wallet.app/www/assets/fonts/ionicons.ttf
copying file ./Payload/Nexty Wallet.app/www/assets/fonts/roboto-bold.woff2 ... 
2018-08-14 11:13:34 +0000  10212 bytes for ./Payload/Nexty Wallet.app/www/assets/fonts/roboto-bold.woff2
copying file ./Payload/Nexty Wallet.app/www/assets/fonts/noto-sans.scss ... 
2018-08-14 11:13:34 +0000  1282 bytes for ./Payload/Nexty Wallet.app/www/assets/fonts/noto-sans.scss
copying file ./Payload/Nexty Wallet.app/www/assets/fonts/roboto.scss ... 
2018-08-14 11:13:34 +0000  1458 bytes for ./Payload/Nexty Wallet.app/www/assets/fonts/roboto.scss
copying file ./Payload/Nexty Wallet.app/www/assets/fonts/noto-sans-regular.woff ... 
2018-08-14 11:13:34 +0000  212780 bytes for ./Payload/Nexty Wallet.app/www/assets/fonts/noto-sans-regular.woff
copying file ./Payload/Nexty Wallet.app/www/assets/fonts/roboto-medium.woff ... 
2018-08-14 11:13:34 +0000  13248 bytes for ./Payload/Nexty Wallet.app/www/assets/fonts/roboto-medium.woff
copying file ./Payload/Nexty Wallet.app/www/assets/fonts/roboto-bold.woff ... 
2018-08-14 11:13:34 +0000  13348 bytes for ./Payload/Nexty Wallet.app/www/assets/fonts/roboto-bold.woff
copying file ./Payload/Nexty Wallet.app/www/assets/fonts/noto-sans-regular.ttf ... 
2018-08-14 11:13:34 +0000  414820 bytes for ./Payload/Nexty Wallet.app/www/assets/fonts/noto-sans-regular.ttf
copying file ./Payload/Nexty Wallet.app/www/assets/fonts/Poppins-Regular.ttf ... 
2018-08-14 11:13:34 +0000  145312 bytes for ./Payload/Nexty Wallet.app/www/assets/fonts/Poppins-Regular.ttf
copying file ./Payload/Nexty Wallet.app/www/assets/fonts/ionicons.svg ... 
2018-08-14 11:13:34 +0000  400219 bytes for ./Payload/Nexty Wallet.app/www/assets/fonts/ionicons.svg
copying file ./Payload/Nexty Wallet.app/www/assets/fonts/Poppins-Bold.ttf ... 
2018-08-14 11:13:34 +0000  141260 bytes for ./Payload/Nexty Wallet.app/www/assets/fonts/Poppins-Bold.ttf
copying file ./Payload/Nexty Wallet.app/www/assets/fonts/roboto-bold.ttf ... 
2018-08-14 11:13:34 +0000  20040 bytes for ./Payload/Nexty Wallet.app/www/assets/fonts/roboto-bold.ttf
copying file ./Payload/Nexty Wallet.app/www/assets/fonts/Poppins-Thin.ttf ... 
2018-08-14 11:13:34 +0000  148976 bytes for ./Payload/Nexty Wallet.app/www/assets/fonts/Poppins-Thin.ttf
copying file ./Payload/Nexty Wallet.app/www/assets/fonts/ionicons.woff2 ... 
2018-08-14 11:13:34 +0000  61020 bytes for ./Payload/Nexty Wallet.app/www/assets/fonts/ionicons.woff2
copying file ./Payload/Nexty Wallet.app/www/assets/fonts/ionicons.scss ... 
2018-08-14 11:13:34 +0000  1152 bytes for ./Payload/Nexty Wallet.app/www/assets/fonts/ionicons.scss
2018-08-14 11:13:34 +0000  copying file ./Payload/Nexty Wallet.app/www/assets/jschart/canvasjs.min.js ... 
2018-08-14 11:13:34 +0000  453721 bytes for ./Payload/Nexty Wallet.app/www/assets/jschart/canvasjs.min.js
copying file ./Payload/Nexty Wallet.app/www/assets/jschart/jquery.canvasjs.min.js ... 
2018-08-14 11:13:34 +0000  454469 bytes for ./Payload/Nexty Wallet.app/www/assets/jschart/jquery.canvasjs.min.js
2018-08-14 11:13:34 +0000  copying file ./Payload/Nexty Wallet.app/www/wk-plugin.js ... 
1779 bytes for ./Payload/Nexty Wallet.app/www/wk-plugin.js
2018-08-14 11:13:34 +0000  copying file ./Payload/Nexty Wallet.app/LaunchImage-Landscape~ipad.png ... 
2018-08-14 11:13:34 +0000  76512 bytes for ./Payload/Nexty Wallet.app/LaunchImage-Landscape~ipad.png
copying file ./Payload/Nexty Wallet.app/LaunchImage-700-Portrait~ipad.png ... 
2018-08-14 11:13:34 +0000  330030 bytes for ./Payload/Nexty Wallet.app/LaunchImage-700-Portrait~ipad.png
copying file ./Payload/Nexty Wallet.app/Assets.car ... 
2018-08-14 11:13:35 +0000  2832968 bytes for ./Payload/Nexty Wallet.app/Assets.car
copying file ./Payload/Nexty Wallet.app/AppIcon40x40@2x~ipad.png ... 
2018-08-14 11:13:35 +0000  10234 bytes for ./Payload/Nexty Wallet.app/AppIcon40x40@2x~ipad.png
copying file ./Payload/Nexty Wallet.app/AppIcon76x76@2x~ipad.png ... 
2018-08-14 11:13:35 +0000  21951 bytes for ./Payload/Nexty Wallet.app/AppIcon76x76@2x~ipad.png
copying file ./Payload/Nexty Wallet.app/LaunchImage-800-Portrait-736h@3x.png ... 
2018-08-14 11:13:35 +0000  1064708 bytes for ./Payload/Nexty Wallet.app/LaunchImage-800-Portrait-736h@3x.png
copying file ./Payload/Nexty Wallet.app/AppIcon72x72~ipad.png ... 
2018-08-14 11:13:35 +0000  9010 bytes for ./Payload/Nexty Wallet.app/AppIcon72x72~ipad.png
copying file ./Payload/Nexty Wallet.app/CDVLaunchScreen.storyboardc/01J-lp-oVM-view-Ze5-6b-2t3.nib ... 
2018-08-14 11:13:35 +0000  2282 bytes for ./Payload/Nexty Wallet.app/CDVLaunchScreen.storyboardc/01J-lp-oVM-view-Ze5-6b-2t3.nib
copying file ./Payload/Nexty Wallet.app/CDVLaunchScreen.storyboardc/UIViewController-01J-lp-oVM.nib ... 
2018-08-14 11:13:35 +0000  832 bytes for ./Payload/Nexty Wallet.app/CDVLaunchScreen.storyboardc/UIViewController-01J-lp-oVM.nib
copying file ./Payload/Nexty Wallet.app/CDVLaunchScreen.storyboardc/Info.plist ... 
2018-08-14 11:13:35 +0000  258 bytes for ./Payload/Nexty Wallet.app/CDVLaunchScreen.storyboardc/Info.plist
copying file ./Payload/Nexty Wallet.app/LaunchImage-700@2x.png ... 
2018-08-14 11:13:35 +0000  265444 bytes for ./Payload/Nexty Wallet.app/LaunchImage-700@2x.png
copying file ./Payload/Nexty Wallet.app/AppIcon83.5x83.5@2x~ipad.png ... 
2018-08-14 11:13:35 +0000  24513 bytes for ./Payload/Nexty Wallet.app/AppIcon83.5x83.5@2x~ipad.png
copying file ./Payload/Nexty Wallet.app/LaunchImage-700-568h@2x.png ... 
2018-08-14 11:13:35 +0000  303036 bytes for ./Payload/Nexty Wallet.app/LaunchImage-700-568h@2x.png
copying file ./Payload/Nexty Wallet.app/LaunchImage-Landscape@2x~ipad.png ... 
2018-08-14 11:13:35 +0000  161722 bytes for ./Payload/Nexty Wallet.app/LaunchImage-Landscape@2x~ipad.png
copying file ./Payload/Nexty Wallet.app/AppIcon50x50~ipad.png ... 
2018-08-14 11:13:35 +0000  5446 bytes for ./Payload/Nexty Wallet.app/AppIcon50x50~ipad.png
2018-08-14 11:13:35 +0000  copying file ./Payload/Nexty Wallet.app/AppIcon29x29@2x~ipad.png ... 
2018-08-14 11:13:35 +0000  6656 bytes for ./Payload/Nexty Wallet.app/AppIcon29x29@2x~ipad.png
copying file ./Payload/Nexty Wallet.app/LaunchImage-700-Landscape@2x~ipad.png ... 
2018-08-14 11:13:35 +0000  161722 bytes for ./Payload/Nexty Wallet.app/LaunchImage-700-Landscape@2x~ipad.png
copying file ./Payload/Nexty Wallet.app/AppIcon50x50@2x~ipad.png ... 
2018-08-14 11:13:35 +0000  13259 bytes for ./Payload/Nexty Wallet.app/AppIcon50x50@2x~ipad.png
copying file ./Payload/Nexty Wallet.app/AppIcon40x40~ipad.png ... 
2018-08-14 11:13:35 +0000  4031 bytes for ./Payload/Nexty Wallet.app/AppIcon40x40~ipad.png
copying file ./Payload/Nexty Wallet.app/LaunchImage.png ... 
2018-08-14 11:13:35 +0000  90612 bytes for ./Payload/Nexty Wallet.app/LaunchImage.png
copying file ./Payload/Nexty Wallet.app/embedded.mobileprovision ... 
2018-08-14 11:13:35 +0000  10118 bytes for ./Payload/Nexty Wallet.app/embedded.mobileprovision
copying file ./Payload/Nexty Wallet.app/LaunchImage-800-Landscape-736h@3x.png ... 
2018-08-14 11:13:35 +0000  63597 bytes for ./Payload/Nexty Wallet.app/LaunchImage-800-Landscape-736h@3x.png
copying file ./Payload/Nexty Wallet.app/LaunchImage-700-Portrait@2x~ipad.png ... 
2018-08-14 11:13:35 +0000  1206328 bytes for ./Payload/Nexty Wallet.app/LaunchImage-700-Portrait@2x~ipad.png
copying file ./Payload/Nexty Wallet.app/LaunchImage-700-Landscape~ipad.png ... 
2018-08-14 11:13:35 +0000  76512 bytes for ./Payload/Nexty Wallet.app/LaunchImage-700-Landscape~ipad.png
2018-08-14 11:13:35 +0000  copying file ./Payload/Nexty Wallet.app/CDVBarcodeScanner.bundle/beep.caf ... 
2018-08-14 11:13:35 +0000  16020 bytes for ./Payload/Nexty Wallet.app/CDVBarcodeScanner.bundle/beep.caf
copying file ./Payload/Nexty Wallet.app/CDVBarcodeScanner.bundle/torch.png ... 
2018-08-14 11:13:35 +0000  3173 bytes for ./Payload/Nexty Wallet.app/CDVBarcodeScanner.bundle/torch.png
copying file ./Payload/Nexty Wallet.app/CDVBarcodeScanner.bundle/torch@2x.png ... 
2018-08-14 11:13:35 +0000  3687 bytes for ./Payload/Nexty Wallet.app/CDVBarcodeScanner.bundle/torch@2x.png
copying file ./Payload/Nexty Wallet.app/CDVBarcodeScanner.bundle/torch@3x.png ... 
2018-08-14 11:13:35 +0000  4302 bytes for ./Payload/Nexty Wallet.app/CDVBarcodeScanner.bundle/torch@3x.png
2018-08-14 11:13:35 +0000  copying file ./Payload/Nexty Wallet.app/AppIcon20x20@2x~ipad.png ... 
2018-08-14 11:13:35 +0000  4031 bytes for ./Payload/Nexty Wallet.app/AppIcon20x20@2x~ipad.png
copying file ./Payload/Nexty Wallet.app/Info.plist ... 
2018-08-14 11:13:35 +0000  2208 bytes for ./Payload/Nexty Wallet.app/Info.plist
copying file ./Payload/Nexty Wallet.app/PkgInfo ... 
8 bytes for ./Payload/Nexty Wallet.app/PkgInfo
2018-08-14 11:13:35 +0000  copying file ./Payload/Nexty Wallet.app/Nexty Wallet ... 
2018-08-14 11:13:35 +0000  8596960 bytes for ./Payload/Nexty Wallet.app/Nexty Wallet
copying file ./Payload/Nexty Wallet.app/AppIcon76x76~ipad.png ... 
2018-08-14 11:13:35 +0000  9595 bytes for ./Payload/Nexty Wallet.app/AppIcon76x76~ipad.png
2018-08-14 11:13:35 +0000  
2018-08-14 11:13:35 +0000  2018-08-14 11:13:35 +0000  /usr/bin/ditto exited with 0
2018-08-14 11:13:35 +0000  

2018-08-14 11:13:35 +0000  
2018-08-14 11:13:35 +0000  Processing step: IDEDistributionCreateManifestStep
